# JRE version: Java(TM) SE Runtime Environment 18.9 (11.0.10+8) (build 11.0.10+8-LTS-162)
# Java VM: Java HotSpot(TM) 64-Bit Server VM 18.9 (11.0.10+8-LTS-162, mixed mode, tiered, compressed oops, g1 gc, windows-amd64)
Heap:
 garbage-first heap   total 378880K, used 21055K [0x0000000700000000, 0x0000000800000000)
  region size 1024K, 14 young (14336K), 14 survivors (14336K)
 Metaspace       used 55728K, capacity 57174K, committed 57472K, reserved 1099776K
  class space    used 6613K, capacity 7232K, committed 7296K, reserved 1048576K
GC Heap History (10 events):
Event: 2.479 GC heap after
{Heap after GC invocations=6 (full 0):
 garbage-first heap   total 262144K, used 10036K [0x0000000700000000, 0x0000000800000000)
  region size 1024K, 4 young (4096K), 4 survivors (4096K)
 Metaspace       used 20461K, capacity 20995K, committed 21248K, reserved 1069056K
  class space    used 2327K, capacity 2540K, committed 2560K, reserved 1048576K
}
Event: 3.575 GC heap before
{Heap before GC invocations=7 (full 0):
 garbage-first heap   total 262144K, used 113460K [0x0000000700000000, 0x0000000800000000)
  region size 1024K, 105 young (107520K), 4 survivors (4096K)
 Metaspace       used 27099K, capacity 27798K, committed 28160K, reserved 1073152K
  class space    used 3195K, capacity 3458K, committed 3584K, reserved 1048576K
}
Event: 3.582 GC heap after
{Heap after GC invocations=8 (full 0):
 garbage-first heap   total 315392K, used 11071K [0x0000000700000000, 0x0000000800000000)
  region size 1024K, 5 young (5120K), 5 survivors (5120K)
 Metaspace       used 27099K, capacity 27798K, committed 28160K, reserved 1073152K
  class space    used 3195K, capacity 3458K, committed 3584K, reserved 1048576K
}
Event: 5.350 GC heap before
{Heap before GC invocations=8 (full 0):
 garbage-first heap   total 315392K, used 164671K [0x0000000700000000, 0x0000000800000000)
  region size 1024K, 156 young (159744K), 5 survivors (5120K)
 Metaspace       used 34490K, capacity 35468K, committed 35584K, reserved 1081344K
  class space    used 4109K, capacity 4507K, committed 4608K, reserved 1048576K
}
Event: 5.358 GC heap after
{Heap after GC invocations=9 (full 0):
 garbage-first heap   total 315392K, used 13535K [0x0000000700000000, 0x0000000800000000)
  region size 1024K, 7 young (7168K), 7 survivors (7168K)
 Metaspace       used 34490K, capacity 35468K, committed 35584K, reserved 1081344K
  class space    used 4109K, capacity 4507K, committed 4608K, reserved 1048576K
}
Event: 6.354 GC heap before
{Heap before GC invocations=10 (full 0):
 garbage-first heap   total 315392K, used 193759K [0x0000000700000000, 0x0000000800000000)
  region size 1024K, 184 young (188416K), 7 survivors (7168K)
 Metaspace       used 41138K, capacity 42244K, committed 42496K, reserved 1087488K
  class space    used 4831K, capacity 5255K, committed 5376K, reserved 1048576K
}
Event: 6.364 GC heap after
{Heap after GC invocations=11 (full 0):
 garbage-first heap   total 315392K, used 15311K [0x0000000700000000, 0x0000000800000000)
  region size 1024K, 9 young (9216K), 9 survivors (9216K)
 Metaspace       used 41138K, capacity 42244K, committed 42496K, reserved 1087488K
  class space    used 4831K, capacity 5255K, committed 5376K, reserved 1048576K
}
Event: 8.130 GC heap before
{Heap before GC invocations=11 (full 0):
 garbage-first heap   total 315392K, used 193487K [0x0000000700000000, 0x0000000800000000)
  region size 1024K, 184 young (188416K), 9 survivors (9216K)
 Metaspace       used 46843K, capacity 48199K, committed 48384K, reserved 1091584K
  class space    used 5491K, capacity 6041K, committed 6144K, reserved 1048576K
}
Event: 8.140 GC heap after
{Heap after GC invocations=12 (full 0):
 garbage-first heap   total 315392K, used 17076K [0x0000000700000000, 0x0000000800000000)
  region size 1024K, 10 young (10240K), 10 survivors (10240K)
 Metaspace       used 46843K, capacity 48199K, committed 48384K, reserved 1091584K
  class space    used 5491K, capacity 6041K, committed 6144K, reserved 1048576K
}
Event: 9.871 GC heap before
{Heap before GC invocations=12 (full 0):
 garbage-first heap   total 315392K, used 195252K [0x0000000700000000, 0x0000000800000000)
  region size 1024K, 184 young (188416K), 10 survivors (10240K)
 Metaspace       used 55728K, capacity 57174K, committed 57472K, reserved 1099776K
  class space    used 6613K, capacity 7232K, committed 7296K, reserved 1048576K
}

