# JRE version: Java(TM) SE Runtime Environment 18.9 (11.0.10+8) (build 11.0.10+8-LTS-162)
# Java VM: Java HotSpot(TM) 64-Bit Server VM 18.9 (11.0.10+8-LTS-162, mixed mode, tiered, compressed oops, g1 gc, windows-amd64)
Heap:
 garbage-first heap   total 315392K, used 13811K [0x0000000700000000, 0x0000000800000000)
  region size 1024K, 7 young (7168K), 7 survivors (7168K)
 Metaspace       used 35323K, capacity 36363K, committed 36480K, reserved 1091584K
  class space    used 4217K, capacity 4637K, committed 4736K, reserved 1048576K
GC Heap History (10 events):
Event: 4.097 GC heap before
{Heap before GC invocations=4 (full 0):
 garbage-first heap   total 262144K, used 74925K [0x0000000700000000, 0x0000000800000000)
  region size 1024K, 67 young (68608K), 3 survivors (3072K)
 Metaspace       used 20163K, capacity 20736K, committed 20992K, reserved 1067008K
  class space    used 2265K, capacity 2475K, committed 2560K, reserved 1048576K
}
Event: 4.101 GC heap after
{Heap after GC invocations=5 (full 0):
 garbage-first heap   total 262144K, used 10149K [0x0000000700000000, 0x0000000800000000)
  region size 1024K, 3 young (3072K), 3 survivors (3072K)
 Metaspace       used 20163K, capacity 20736K, committed 20992K, reserved 1067008K
  class space    used 2265K, capacity 2475K, committed 2560K, reserved 1048576K
}
Event: 4.196 GC heap before
{Heap before GC invocations=5 (full 0):
 garbage-first heap   total 262144K, used 14245K [0x0000000700000000, 0x0000000800000000)
  region size 1024K, 8 young (8192K), 3 survivors (3072K)
 Metaspace       used 20462K, capacity 20995K, committed 21248K, reserved 1069056K
  class space    used 2324K, capacity 2540K, committed 2560K, reserved 1048576K
}
Event: 4.201 GC heap after
{Heap after GC invocations=6 (full 0):
 garbage-first heap   total 262144K, used 10281K [0x0000000700000000, 0x0000000800000000)
  region size 1024K, 4 young (4096K), 4 survivors (4096K)
 Metaspace       used 20462K, capacity 20995K, committed 21248K, reserved 1069056K
  class space    used 2324K, capacity 2540K, committed 2560K, reserved 1048576K
}
Event: 5.925 GC heap before
{Heap before GC invocations=7 (full 0):
 garbage-first heap   total 262144K, used 101417K [0x0000000700000000, 0x0000000800000000)
  region size 1024K, 93 young (95232K), 4 survivors (4096K)
 Metaspace       used 26735K, capacity 27398K, committed 27520K, reserved 1073152K
  class space    used 3169K, capacity 3452K, committed 3456K, reserved 1048576K
}
Event: 5.939 GC heap after
{Heap after GC invocations=8 (full 0):
 garbage-first heap   total 262144K, used 11126K [0x0000000700000000, 0x0000000800000000)
  region size 1024K, 4 young (4096K), 4 survivors (4096K)
 Metaspace       used 26735K, capacity 27398K, committed 27520K, reserved 1073152K
  class space    used 3169K, capacity 3452K, committed 3456K, reserved 1048576K
}
Event: 7.807 GC heap before
{Heap before GC invocations=8 (full 0):
 garbage-first heap   total 262144K, used 163702K [0x0000000700000000, 0x0000000800000000)
  region size 1024K, 153 young (156672K), 4 survivors (4096K)
 Metaspace       used 34433K, capacity 35473K, committed 35584K, reserved 1081344K
  class space    used 4107K, capacity 4507K, committed 4608K, reserved 1048576K
}
Event: 7.818 GC heap after
{Heap after GC invocations=9 (full 0):
 garbage-first heap   total 315392K, used 13588K [0x0000000700000000, 0x0000000800000000)
  region size 1024K, 7 young (7168K), 7 survivors (7168K)
 Metaspace       used 34433K, capacity 35473K, committed 35584K, reserved 1081344K
  class space    used 4107K, capacity 4507K, committed 4608K, reserved 1048576K
}
Event: 7.830 GC heap before
{Heap before GC invocations=9 (full 0):
 garbage-first heap   total 315392K, used 14612K [0x0000000700000000, 0x0000000800000000)
  region size 1024K, 9 young (9216K), 7 survivors (7168K)
 Metaspace       used 34483K, capacity 35473K, committed 35584K, reserved 1081344K
  class space    used 4114K, capacity 4507K, committed 4608K, reserved 1048576K
}
Event: 7.837 GC heap after
{Heap after GC invocations=10 (full 0):
 garbage-first heap   total 315392K, used 13495K [0x0000000700000000, 0x0000000800000000)
  region size 1024K, 7 young (7168K), 7 survivors (7168K)
 Metaspace       used 34483K, capacity 35473K, committed 35584K, reserved 1081344K
  class space    used 4114K, capacity 4507K, committed 4608K, reserved 1048576K
}

